<?xml version="1.0" encoding="UTF-8"?>
<!-- Generated by org.testng.reporters.JUnitReportReporter -->
<testsuite hostname="DESKTOP-9A31APC" failures="0" tests="2" name="selenium.Testing2" time="0.000" errors="0" timestamp="13 Dec. 2020 23:14:40 GMT" skipped="0">
  <testcase classname="selenium.Testing2" name="Test5" time="0.000"/>
  <testcase classname="selenium.Testing2" name="Test4" time="0.000"/>
</testsuite> <!-- selenium.Testing2 -->
