<?xml version="1.0" encoding="UTF-8"?>
<!-- Generated by org.testng.reporters.JUnitReportReporter -->
<testsuite hostname="DESKTOP-9A31APC" failures="0" tests="3" name="selenium.Testing1" time="0.002" errors="0" timestamp="13 Dec. 2020 23:14:40 GMT" skipped="0">
  <testcase classname="selenium.Testing1" name="Test3" time="0.001"/>
  <testcase classname="selenium.Testing1" name="Test1" time="0.001"/>
  <testcase classname="selenium.Testing1" name="Test2" time="0.000"/>
</testsuite> <!-- selenium.Testing1 -->
